[0.054s] Invoking command in '/home/xie/Desktop/learn/carpole/cartplole/build/control': CMAKE_PREFIX_PATH=/home/xie/Desktop/learn/carpole/cartplole/install/interface:/home/xie/Desktop/learn/carpole/cartplole/install/simulate:/home/xie/Desktop/learn/carpole/cartplole/install/manage:/home/xie/Desktop/learn/carpole/cartplole/install/control:/usr/local:/usr/local:/opt/ros/humble /usr/bin/cmake --build /home/xie/Desktop/learn/carpole/cartplole/build/control -- -j20 -l20
[0.095s] [ 20%] [32mBuilding CXX object CMakeFiles/control_node.dir/src/control_node.cpp.o[0m
[0.096s] [ 40%] [32mBuilding CXX object CMakeFiles/control_node.dir/src/main.cpp.o[0m
[0.281s] In file included from [01m[K/home/xie/Desktop/learn/carpole/cartplole/src/control/src/control_node.cpp:1[m[K:
[0.281s] [01m[K/home/xie/Desktop/learn/carpole/cartplole/src/control/include/control/control_node.h:14:10:[m[K [01;31m[Kfatal error: [m[K control/cppadpino.h: No such file or directory
[0.281s]    14 | #include [01;31m[K" control/cppadpino.h"[m[K
[0.281s]       |          [01;31m[K^~~~~~~~~~~~~~~~~~~~~~[m[K
[0.281s] compilation terminated.
[0.283s] gmake[2]: *** [CMakeFiles/control_node.dir/build.make:76: CMakeFiles/control_node.dir/src/control_node.cpp.o] Error 1
[0.283s] gmake[2]: *** Waiting for unfinished jobs....
[0.286s] In file included from [01m[K/home/xie/Desktop/learn/carpole/cartplole/src/control/src/main.cpp:1[m[K:
[0.286s] [01m[K/home/xie/Desktop/learn/carpole/cartplole/src/control/include/control/control_node.h:14:10:[m[K [01;31m[Kfatal error: [m[K control/cppadpino.h: No such file or directory
[0.286s]    14 | #include [01;31m[K" control/cppadpino.h"[m[K
[0.286s]       |          [01;31m[K^~~~~~~~~~~~~~~~~~~~~~[m[K
[0.286s] compilation terminated.
[0.288s] gmake[2]: *** [CMakeFiles/control_node.dir/build.make:118: CMakeFiles/control_node.dir/src/main.cpp.o] Error 1
[0.289s] gmake[1]: *** [CMakeFiles/Makefile2:137: CMakeFiles/control_node.dir/all] Error 2
[0.289s] gmake: *** [Makefile:146: all] Error 2
[0.290s] Invoked command in '/home/xie/Desktop/learn/carpole/cartplole/build/control' returned '2': CMAKE_PREFIX_PATH=/home/xie/Desktop/learn/carpole/cartplole/install/interface:/home/xie/Desktop/learn/carpole/cartplole/install/simulate:/home/xie/Desktop/learn/carpole/cartplole/install/manage:/home/xie/Desktop/learn/carpole/cartplole/install/control:/usr/local:/usr/local:/opt/ros/humble /usr/bin/cmake --build /home/xie/Desktop/learn/carpole/cartplole/build/control -- -j20 -l20
