[0.044s] Invoking command in '/home/xie/Desktop/learn/carpole/cartplole/build/control': AMENT_PREFIX_PATH=/home/xie/Desktop/learn/carpole/cartplole/install/interface:${AMENT_PREFIX_PATH} CMAKE_PREFIX_PATH=/home/xie/Desktop/learn/carpole/cartplole/install/interface:/usr/local:/usr/local:/opt/ros/humble LD_LIBRARY_PATH=/home/xie/Desktop/learn/carpole/cartplole/install/interface/lib:${LD_LIBRARY_PATH} PYTHONPATH=/home/xie/Desktop/learn/carpole/cartplole/install/interface/local/lib/python3.10/dist-packages:${PYTHONPATH} /usr/bin/cmake --build /home/xie/Desktop/learn/carpole/cartplole/build/control -- -j20 -l20
[0.067s] [35m[1mConsolidate compiler generated dependencies of target control_node[0m
[0.084s] [ 20%] [32mBuilding CXX object CMakeFiles/control_node.dir/src/cppadpino.cpp.o[0m
[0.084s] [ 40%] [32mBuilding CXX object CMakeFiles/control_node.dir/src/main.cpp.o[0m
[0.579s] In file included from [01m[K/home/xie/Desktop/learn/carpole/cartplole/src/control/src/cppadpino.cpp:1[m[K:
[0.579s] [01m[K/home/xie/Desktop/learn/carpole/cartplole/src/control/include/control/cppadpino.h:9:14:[m[K [01;31m[Kerror: [m[Kdeduced class type â€˜[01m[KADFun[m[Kâ€™ in function return type
[0.579s]     9 | CppAD::ADFun [01;31m[Ksetdyn[m[K(){};
[0.579s]       |              [01;31m[K^~~~~~[m[K
[0.579s] In file included from [01m[K/usr/local/include/cppad/base_require.hpp:149[m[K,
[0.579s]                  from [01m[K/usr/local/include/cppad/cppad.hpp:15[m[K,
[0.579s]                  from [01m[K/home/xie/Desktop/learn/carpole/cartplole/src/control/include/control/cppadpino.h:1[m[K,
[0.579s]                  from [01m[K/home/xie/Desktop/learn/carpole/cartplole/src/control/src/cppadpino.cpp:1[m[K:
[0.579s] [01m[K/usr/local/include/cppad/local/declare_ad.hpp:45:52:[m[K [01;36m[Knote: [m[Kâ€˜[01m[Ktemplate<class Base, class RecBase> class CppAD::ADFun[m[Kâ€™ declared here
[0.579s]    45 |    template <class Base, class RecBase=Base> class [01;36m[KADFun[m[K;
[0.580s]       |                                                    [01;36m[K^~~~~[m[K
[0.631s] gmake[2]: *** [CMakeFiles/control_node.dir/build.make:90: CMakeFiles/control_node.dir/src/cppadpino.cpp.o] Error 1
[0.631s] gmake[2]: *** Waiting for unfinished jobs....
[2.054s] In file included from [01m[K/home/xie/Desktop/learn/carpole/cartplole/src/control/src/main.cpp:2[m[K:
[2.054s] [01m[K/home/xie/Desktop/learn/carpole/cartplole/src/control/include/control/cppadpino.h:9:14:[m[K [01;31m[Kerror: [m[Kdeduced class type â€˜[01m[KADFun[m[Kâ€™ in function return type
[2.054s]     9 | CppAD::ADFun [01;31m[Ksetdyn[m[K(){};
[2.054s]       |              [01;31m[K^~~~~~[m[K
[2.054s] In file included from [01m[K/usr/local/include/cppad/base_require.hpp:149[m[K,
[2.054s]                  from [01m[K/usr/local/include/cppad/cppad.hpp:15[m[K,
[2.054s]                  from [01m[K/home/xie/Desktop/learn/carpole/cartplole/src/control/include/control/cppadpino.h:1[m[K,
[2.054s]                  from [01m[K/home/xie/Desktop/learn/carpole/cartplole/src/control/src/main.cpp:2[m[K:
[2.055s] [01m[K/usr/local/include/cppad/local/declare_ad.hpp:45:52:[m[K [01;36m[Knote: [m[Kâ€˜[01m[Ktemplate<class Base, class RecBase> class CppAD::ADFun[m[Kâ€™ declared here
[2.055s]    45 |    template <class Base, class RecBase=Base> class [01;36m[KADFun[m[K;
[2.055s]       |                                                    [01;36m[K^~~~~[m[K
[2.056s] [01m[K/home/xie/Desktop/learn/carpole/cartplole/src/control/src/main.cpp:[m[K In function â€˜[01m[Kint main(int, char**)[m[Kâ€™:
[2.056s] [01m[K/home/xie/Desktop/learn/carpole/cartplole/src/control/src/main.cpp:10:14:[m[K [01;35m[Kwarning: [m[Kunused parameter â€˜[01m[Kargc[m[Kâ€™ [[01;35m[K]8;;https://gcc.gnu.org/onlinedocs/gcc/Warning-Options.html#index-Wunused-parameter-Wunused-parameter]8;;[m[K]
[2.056s]    10 | int main([01;35m[Kint argc[m[K, char** argv) {
[2.056s]       |          [01;35m[K~~~~^~~~[m[K
[2.056s] [01m[K/home/xie/Desktop/learn/carpole/cartplole/src/control/src/main.cpp:10:27:[m[K [01;35m[Kwarning: [m[Kunused parameter â€˜[01m[Kargv[m[Kâ€™ [[01;35m[K]8;;https://gcc.gnu.org/onlinedocs/gcc/Warning-Options.html#index-Wunused-parameter-Wunused-parameter]8;;[m[K]
[2.056s]    10 | int main(int argc, [01;35m[Kchar** argv[m[K) {
[2.056s]       |                    [01;35m[K~~~~~~~^~~~[m[K
[3.097s] gmake[2]: *** [CMakeFiles/control_node.dir/build.make:118: CMakeFiles/control_node.dir/src/main.cpp.o] Error 1
[3.097s] gmake[1]: *** [CMakeFiles/Makefile2:137: CMakeFiles/control_node.dir/all] Error 2
[3.098s] gmake: *** [Makefile:146: all] Error 2
[3.100s] Invoked command in '/home/xie/Desktop/learn/carpole/cartplole/build/control' returned '2': AMENT_PREFIX_PATH=/home/xie/Desktop/learn/carpole/cartplole/install/interface:${AMENT_PREFIX_PATH} CMAKE_PREFIX_PATH=/home/xie/Desktop/learn/carpole/cartplole/install/interface:/usr/local:/usr/local:/opt/ros/humble LD_LIBRARY_PATH=/home/xie/Desktop/learn/carpole/cartplole/install/interface/lib:${LD_LIBRARY_PATH} PYTHONPATH=/home/xie/Desktop/learn/carpole/cartplole/install/interface/local/lib/python3.10/dist-packages:${PYTHONPATH} /usr/bin/cmake --build /home/xie/Desktop/learn/carpole/cartplole/build/control -- -j20 -l20
