[0.057s] Invoking command in '/home/xie/Desktop/learn/carpole/cartplole/build/control': CMAKE_PREFIX_PATH=/home/xie/Desktop/learn/carpole/cartplole/install/interface:/home/xie/Desktop/learn/carpole/cartplole/install/simulate:/home/xie/Desktop/learn/carpole/cartplole/install/manage:/home/xie/Desktop/learn/carpole/cartplole/install/control:/usr/local:/usr/local:/opt/ros/humble /usr/bin/cmake --build /home/xie/Desktop/learn/carpole/cartplole/build/control -- -j20 -l20
[0.087s] [35m[1mConsolidate compiler generated dependencies of target control_node[0m
[0.118s] [ 20%] [32mBuilding CXX object CMakeFiles/control_node.dir/src/cppadpino.cpp.o[0m
[0.119s] [ 40%] [32mBuilding CXX object CMakeFiles/control_node.dir/src/main.cpp.o[0m
[1.490s] [01m[K/home/xie/Desktop/learn/carpole/cartplole/src/control/src/main.cpp:11:[m[K [01;35m[Kwarning: [m[K"BACKWARD_HAS_DW" redefined
[1.490s]    11 | #define BACKWARD_HAS_DW 1
[1.490s]       | 
[1.490s] In file included from [01m[K/home/xie/Desktop/learn/carpole/cartplole/src/control/src/main.cpp:3[m[K:
[1.490s] [01m[K/usr/include/backward.hpp:193:[m[K [01;36m[Knote: [m[Kthis is the location of the previous definition
[1.490s]   193 | #define BACKWARD_HAS_DW 0
[1.490s]       | 
[3.088s] [01m[K/home/xie/Desktop/learn/carpole/cartplole/src/control/src/cppadpino.cpp:[m[K In constructor â€˜[01m[Kdyn::dyn()[m[Kâ€™:
[3.088s] [01m[K/home/xie/Desktop/learn/carpole/cartplole/src/control/src/cppadpino.cpp:29:26:[m[K [01;35m[Kwarning: [m[Kcomparison of integer expressions of different signedness: â€˜[01m[Ksize_t[m[Kâ€™ {aka â€˜[01m[Klong unsigned int[m[Kâ€™} and â€˜[01m[Kint[m[Kâ€™ [[01;35m[K]8;;https://gcc.gnu.org/onlinedocs/gcc/Warning-Options.html#index-Wsign-compare-Wsign-compare]8;;[m[K]
[3.088s]    29 |     for (size_t i = 0; [01;35m[Ki < admodel.njoints[m[K; i++) {
[3.088s]       |                        [01;35m[K~~^~~~~~~~~~~~~~~~~[m[K
[3.115s] [01m[K/home/xie/Desktop/learn/carpole/cartplole/src/control/src/cppadpino.cpp:[m[K In member function â€˜[01m[Kstd::pair<std::vector<double>, Eigen::Matrix<double, -1, -1> > MPC::solve(Eigen::VectorXd)[m[Kâ€™:
[3.115s] [01m[K/home/xie/Desktop/learn/carpole/cartplole/src/control/src/cppadpino.cpp:289:12:[m[K [01;35m[Kwarning: [m[Kunused variable â€˜[01m[Ktotal_u[m[Kâ€™ [[01;35m[K]8;;https://gcc.gnu.org/onlinedocs/gcc/Warning-Options.html#index-Wunused-variable-Wunused-variable]8;;[m[K]
[3.115s]   289 |     double [01;35m[Ktotal_u[m[K = 0;
[3.115s]       |            [01;35m[K^~~~~~~[m[K
[4.347s] [01m[K/home/xie/Desktop/learn/carpole/cartplole/src/control/src/main.cpp:[m[K In function â€˜[01m[Kint main(int, char**)[m[Kâ€™:
[4.347s] [01m[K/home/xie/Desktop/learn/carpole/cartplole/src/control/src/main.cpp:43:27:[m[K [01;31m[Kerror: [m[Kâ€˜[01m[Ku[m[Kâ€™ was not declared in this scope
[4.347s]    43 |                        << [01;31m[Ku[m[K.size();
[4.347s]       |                           [01;31m[K^[m[K
[4.347s] [01m[K/home/xie/Desktop/learn/carpole/cartplole/src/control/src/main.cpp:15:14:[m[K [01;35m[Kwarning: [m[Kunused parameter â€˜[01m[Kargc[m[Kâ€™ [[01;35m[K]8;;https://gcc.gnu.org/onlinedocs/gcc/Warning-Options.html#index-Wunused-parameter-Wunused-parameter]8;;[m[K]
[4.347s]    15 | int main([01;35m[Kint argc[m[K, char** argv) {
[4.347s]       |          [01;35m[K~~~~^~~~[m[K
[4.347s] [01m[K/home/xie/Desktop/learn/carpole/cartplole/src/control/src/main.cpp:15:27:[m[K [01;35m[Kwarning: [m[Kunused parameter â€˜[01m[Kargv[m[Kâ€™ [[01;35m[K]8;;https://gcc.gnu.org/onlinedocs/gcc/Warning-Options.html#index-Wunused-parameter-Wunused-parameter]8;;[m[K]
[4.347s]    15 | int main(int argc, [01;35m[Kchar** argv[m[K) {
[4.347s]       |                    [01;35m[K~~~~~~~^~~~[m[K
[6.733s] gmake[2]: *** [CMakeFiles/control_node.dir/build.make:118: CMakeFiles/control_node.dir/src/main.cpp.o] Error 1
[6.733s] gmake[2]: *** Waiting for unfinished jobs....
[6.805s] gmake[2]: *** [CMakeFiles/control_node.dir/build.make:90: CMakeFiles/control_node.dir/src/cppadpino.cpp.o] Interrupt
[6.805s] gmake[1]: *** [CMakeFiles/Makefile2:137: CMakeFiles/control_node.dir/all] Interrupt
[6.805s] gmake: *** [Makefile:146: all] Interrupt
[6.839s] Invoked command in '/home/xie/Desktop/learn/carpole/cartplole/build/control' returned '-2': CMAKE_PREFIX_PATH=/home/xie/Desktop/learn/carpole/cartplole/install/interface:/home/xie/Desktop/learn/carpole/cartplole/install/simulate:/home/xie/Desktop/learn/carpole/cartplole/install/manage:/home/xie/Desktop/learn/carpole/cartplole/install/control:/usr/local:/usr/local:/opt/ros/humble /usr/bin/cmake --build /home/xie/Desktop/learn/carpole/cartplole/build/control -- -j20 -l20
