[33mCMake Warning at /usr/share/cmake-3.22/Modules/FindBoost.cmake:2201 (message):
  No header defined for python310; skipping header check (note: header-only
  libraries have no designated component)
Call Stack (most recent call first):
  /opt/ros/humble/lib/x86_64-linux-gnu/cmake/eigenpy/boost.cmake:144 (find_package)
  /opt/ros/humble/lib/x86_64-linux-gnu/cmake/eigenpy/eigenpyConfig.cmake:149 (SEARCH_FOR_BOOST_PYTHON)
  /usr/share/cmake-3.22/Modules/CMakeFindDependencyMacro.cmake:47 (find_package)
  /usr/local/lib/cmake/pinocchio/pinocchioConfig.cmake:159 (find_dependency)
  CMakeLists.txt:28 (find_package)

[0m
[33mCMake Warning (dev) at CMakeLists.txt:83 (target_link_libraries):
  The library that is being linked to, yaml-cpp, is marked as being
  deprecated by the owner.  The message provided by the developer is:

  The target yaml-cpp is deprecated and will be removed in version 0.10.0.
  Use the yaml-cpp::yaml-cpp target instead.

This warning is for project developers.  Use -Wno-dev to suppress it.
[0m
[33mCMake Warning (dev) at CMakeLists.txt:83 (target_link_libraries):
  The library that is being linked to, yaml-cpp, is marked as being
  deprecated by the owner.  The message provided by the developer is:

  The target yaml-cpp is deprecated and will be removed in version 0.10.0.
  Use the yaml-cpp::yaml-cpp target instead.

This warning is for project developers.  Use -Wno-dev to suppress it.
[0m
[33mCMake Warning (dev) at CMakeLists.txt:83 (target_link_libraries):
  The library that is being linked to, yaml-cpp, is marked as being
  deprecated by the owner.  The message provided by the developer is:

  The target yaml-cpp is deprecated and will be removed in version 0.10.0.
  Use the yaml-cpp::yaml-cpp target instead.

This warning is for project developers.  Use -Wno-dev to suppress it.
[0m
[01m[K/home/xie/Desktop/learn/carpole/cartplole/src/control/src/main.cpp:10:10:[m[K [01;31m[Kerror: [m[K#include expects "FILENAME" or <FILENAME>
   10 | #include [01;31m[K"backward.hpp"namespace[m[K backward{
      |          [01;31m[K^~~~~~~~~~~~~~~~~~~~~~~[m[K
[01m[K/home/xie/Desktop/learn/carpole/cartplole/src/control/src/main.cpp:11:5:[m[K [01;31m[Kerror: [m[Kâ€˜[01m[Kbackward[m[Kâ€™ does not name a type
   11 |     [01;31m[Kbackward[m[K::SignalHandling sh;
      |     [01;31m[K^~~~~~~~[m[K
[01m[K/home/xie/Desktop/learn/carpole/cartplole/src/control/src/main.cpp:12:1:[m[K [01;31m[Kerror: [m[Kexpected declaration before â€˜[01m[K}[m[Kâ€™ token
   12 | [01;31m[K}[m[K
      | [01;31m[K^[m[K
[01m[K/home/xie/Desktop/learn/carpole/cartplole/src/control/src/main.cpp:[m[K In function â€˜[01m[Kint main(int, char**)[m[Kâ€™:
[01m[K/home/xie/Desktop/learn/carpole/cartplole/src/control/src/main.cpp:13:14:[m[K [01;35m[Kwarning: [m[Kunused parameter â€˜[01m[Kargc[m[Kâ€™ [[01;35m[K]8;;https://gcc.gnu.org/onlinedocs/gcc/Warning-Options.html#index-Wunused-parameter-Wunused-parameter]8;;[m[K]
   13 | int main([01;35m[Kint argc[m[K, char** argv) {
      |          [01;35m[K~~~~^~~~[m[K
[01m[K/home/xie/Desktop/learn/carpole/cartplole/src/control/src/main.cpp:13:27:[m[K [01;35m[Kwarning: [m[Kunused parameter â€˜[01m[Kargv[m[Kâ€™ [[01;35m[K]8;;https://gcc.gnu.org/onlinedocs/gcc/Warning-Options.html#index-Wunused-parameter-Wunused-parameter]8;;[m[K]
   13 | int main(int argc, [01;35m[Kchar** argv[m[K) {
      |                    [01;35m[K~~~~~~~^~~~[m[K
gmake[2]: *** [CMakeFiles/control_node.dir/build.make:118: CMakeFiles/control_node.dir/src/main.cpp.o] Error 1
gmake[1]: *** [CMakeFiles/Makefile2:137: CMakeFiles/control_node.dir/all] Error 2
gmake: *** [Makefile:146: all] Error 2
