[0.055s] Invoking command in '/home/xie/Desktop/learn/carpole/cartplole/build/control': CMAKE_PREFIX_PATH=/home/xie/Desktop/learn/carpole/cartplole/install/interface:/home/xie/Desktop/learn/carpole/cartplole/install/simulate:/home/xie/Desktop/learn/carpole/cartplole/install/manage:/home/xie/Desktop/learn/carpole/cartplole/install/control:/usr/local:/usr/local:/opt/ros/humble /usr/bin/cmake --build /home/xie/Desktop/learn/carpole/cartplole/build/control -- -j20 -l20
[0.091s] -- Found ament_cmake: 1.3.6 (/opt/ros/humble/share/ament_cmake/cmake)
[0.140s] -- Found Python3: /usr/bin/python3.10 (found version "3.10.12") found components: Interpreter 
[0.198s] -- Found rclcpp: 16.0.7 (/opt/ros/humble/share/rclcpp/cmake)
[0.229s] -- Found rosidl_generator_c: 3.1.5 (/opt/ros/humble/share/rosidl_generator_c/cmake)
[0.231s] -- Found rosidl_adapter: 3.1.5 (/opt/ros/humble/share/rosidl_adapter/cmake)
[0.238s] -- Found rosidl_generator_cpp: 3.1.5 (/opt/ros/humble/share/rosidl_generator_cpp/cmake)
[0.251s] -- Using all available rosidl_typesupport_c: rosidl_typesupport_fastrtps_c;rosidl_typesupport_introspection_c
[0.265s] -- Using all available rosidl_typesupport_cpp: rosidl_typesupport_fastrtps_cpp;rosidl_typesupport_introspection_cpp
[0.314s] -- Found rmw_implementation_cmake: 6.1.1 (/opt/ros/humble/share/rmw_implementation_cmake/cmake)
[0.317s] -- Found rmw_fastrtps_cpp: 6.2.5 (/opt/ros/humble/share/rmw_fastrtps_cpp/cmake)
[0.375s] -- Using RMW implementation 'rmw_fastrtps_cpp' as default
[0.490s] -- pinocchio FOUND. pinocchio at /usr/local/lib/libpinocchio.so
[0.490s] -- boost_filesystem FOUND. boost_filesystem at /usr/lib/x86_64-linux-gnu/libboost_filesystem.so
[0.490s] -- boost_serialization FOUND. boost_serialization at /usr/lib/x86_64-linux-gnu/libboost_serialization.so
[0.490s] -- boost_system FOUND. boost_system at /usr/lib/x86_64-linux-gnu/libboost_system.so
[0.500s] -- Found Boost: /usr/include (found version "1.74.0") found components: filesystem serialization system 
[0.501s] -- eigenpy FOUND. eigenpy at /opt/ros/humble/lib/x86_64-linux-gnu/libeigenpy.so
[0.687s] -- Found Python3: /usr/bin/python3.10 (found version "3.10.12") found components: Interpreter Development.Module NumPy 
[0.687s] -- PythonLibraryDirs: 
[0.687s] -- PythonLibVersionString: 3.10.12
[0.703s] -- Python site lib: lib/python3.10/dist-packages
[0.703s] -- Python include dirs: /usr/include/python3.10
[0.729s] -- Checking for NumPy
[0.784s] --   NUMPY_INCLUDE_DIRS=/usr/lib/python3/dist-packages/numpy/core/include
[0.839s] --   NUMPY_VERSION=1.21.5
[0.839s] -- NumPy include dir: /usr/lib/python3/dist-packages/numpy/core/include
[0.842s] [33mCMake Warning at /usr/share/cmake-3.22/Modules/FindBoost.cmake:2201 (message):
[0.842s]   No header defined for python310; skipping header check (note: header-only
[0.842s]   libraries have no designated component)
[0.842s] Call Stack (most recent call first):
[0.842s]   /opt/ros/humble/lib/x86_64-linux-gnu/cmake/eigenpy/boost.cmake:144 (find_package)
[0.842s]   /opt/ros/humble/lib/x86_64-linux-gnu/cmake/eigenpy/eigenpyConfig.cmake:149 (SEARCH_FOR_BOOST_PYTHON)
[0.842s]   /usr/share/cmake-3.22/Modules/CMakeFindDependencyMacro.cmake:47 (find_package)
[0.842s]   /usr/local/lib/cmake/pinocchio/pinocchioConfig.cmake:159 (find_dependency)
[0.842s]   CMakeLists.txt:28 (find_package)
[0.842s] 
[0.842s] [0m
[0.842s] -- Found Boost: /usr/include (found version "1.74.0") found components: python310 
[0.842s] -- Boost_PYTHON_LIBRARY: /usr/lib/x86_64-linux-gnu/libboost_python310.so
[1.004s] -- Default C++ standard: 201703
[1.005s] -- C++ standard sufficient: Minimal required 11, currently defined: 17
[1.005s] -- CMAKE_CXX_STANDARD was not set: automatically set to currently defined standard 17
[1.006s] -- C++ standard sufficient: Minimal required 11, currently defined: 17
[1.008s] -- Found interface: 0.0.0 (/home/xie/Desktop/learn/carpole/cartplole/install/interface/share/interface/cmake)
[1.018s] -- Found ament_lint_auto: 0.12.9 (/opt/ros/humble/share/ament_lint_auto/cmake)
[1.067s] -- Added test 'cppcheck' to perform static code analysis on C / C++ code
[1.067s] -- Configured cppcheck include dirs: /home/xie/Desktop/learn/carpole/cartplole/src/control/include/control;/home/xie/Desktop/learn/carpole/cartplole/src/control/include;/home/xie/Desktop/learn/carpole/cartplole/src/control/../utils
[1.067s] -- Configured cppcheck exclude dirs and/or files: 
[1.068s] -- Added test 'lint_cmake' to check CMake code style
[1.068s] -- Added test 'uncrustify' to check C / C++ code style
[1.068s] -- Configured uncrustify additional arguments: 
[1.069s] -- Added test 'xmllint' to check XML markup files
[1.070s] -- Configuring done
[1.071s] [33mCMake Warning (dev) at CMakeLists.txt:83 (target_link_libraries):
[1.071s]   The library that is being linked to, yaml-cpp, is marked as being
[1.071s]   deprecated by the owner.  The message provided by the developer is:
[1.071s] 
[1.071s]   The target yaml-cpp is deprecated and will be removed in version 0.10.0.
[1.071s]   Use the yaml-cpp::yaml-cpp target instead.
[1.071s] 
[1.071s] This warning is for project developers.  Use -Wno-dev to suppress it.
[1.072s] [0m
[1.072s] [33mCMake Warning (dev) at CMakeLists.txt:83 (target_link_libraries):
[1.072s]   The library that is being linked to, yaml-cpp, is marked as being
[1.072s]   deprecated by the owner.  The message provided by the developer is:
[1.072s] 
[1.072s]   The target yaml-cpp is deprecated and will be removed in version 0.10.0.
[1.072s]   Use the yaml-cpp::yaml-cpp target instead.
[1.072s] 
[1.072s] This warning is for project developers.  Use -Wno-dev to suppress it.
[1.072s] [0m
[1.072s] [33mCMake Warning (dev) at CMakeLists.txt:83 (target_link_libraries):
[1.072s]   The library that is being linked to, yaml-cpp, is marked as being
[1.072s]   deprecated by the owner.  The message provided by the developer is:
[1.072s] 
[1.072s]   The target yaml-cpp is deprecated and will be removed in version 0.10.0.
[1.072s]   Use the yaml-cpp::yaml-cpp target instead.
[1.072s] 
[1.072s] This warning is for project developers.  Use -Wno-dev to suppress it.
[1.072s] [0m
[1.076s] -- Generating done
[1.077s] -- Build files have been written to: /home/xie/Desktop/learn/carpole/cartplole/build/control
[1.097s] [35m[1mConsolidate compiler generated dependencies of target control_node[0m
[1.125s] [ 20%] [32mBuilding CXX object CMakeFiles/control_node.dir/src/main.cpp.o[0m
[2.395s] [01m[K/home/xie/Desktop/learn/carpole/cartplole/src/control/src/main.cpp:10:10:[m[K [01;31m[Kerror: [m[K#include expects "FILENAME" or <FILENAME>
[2.395s]    10 | #include [01;31m[K"backward.hpp"namespace[m[K backward{
[2.395s]       |          [01;31m[K^~~~~~~~~~~~~~~~~~~~~~~[m[K
[5.012s] [01m[K/home/xie/Desktop/learn/carpole/cartplole/src/control/src/main.cpp:11:5:[m[K [01;31m[Kerror: [m[Kâ€˜[01m[Kbackward[m[Kâ€™ does not name a type
[5.012s]    11 |     [01;31m[Kbackward[m[K::SignalHandling sh;
[5.012s]       |     [01;31m[K^~~~~~~~[m[K
[5.012s] [01m[K/home/xie/Desktop/learn/carpole/cartplole/src/control/src/main.cpp:12:1:[m[K [01;31m[Kerror: [m[Kexpected declaration before â€˜[01m[K}[m[Kâ€™ token
[5.012s]    12 | [01;31m[K}[m[K
[5.012s]       | [01;31m[K^[m[K
[5.017s] [01m[K/home/xie/Desktop/learn/carpole/cartplole/src/control/src/main.cpp:[m[K In function â€˜[01m[Kint main(int, char**)[m[Kâ€™:
[5.017s] [01m[K/home/xie/Desktop/learn/carpole/cartplole/src/control/src/main.cpp:13:14:[m[K [01;35m[Kwarning: [m[Kunused parameter â€˜[01m[Kargc[m[Kâ€™ [[01;35m[K]8;;https://gcc.gnu.org/onlinedocs/gcc/Warning-Options.html#index-Wunused-parameter-Wunused-parameter]8;;[m[K]
[5.017s]    13 | int main([01;35m[Kint argc[m[K, char** argv) {
[5.017s]       |          [01;35m[K~~~~^~~~[m[K
[5.017s] [01m[K/home/xie/Desktop/learn/carpole/cartplole/src/control/src/main.cpp:13:27:[m[K [01;35m[Kwarning: [m[Kunused parameter â€˜[01m[Kargv[m[Kâ€™ [[01;35m[K]8;;https://gcc.gnu.org/onlinedocs/gcc/Warning-Options.html#index-Wunused-parameter-Wunused-parameter]8;;[m[K]
[5.017s]    13 | int main(int argc, [01;35m[Kchar** argv[m[K) {
[5.017s]       |                    [01;35m[K~~~~~~~^~~~[m[K
[7.134s] gmake[2]: *** [CMakeFiles/control_node.dir/build.make:118: CMakeFiles/control_node.dir/src/main.cpp.o] Error 1
[7.134s] gmake[1]: *** [CMakeFiles/Makefile2:137: CMakeFiles/control_node.dir/all] Error 2
[7.134s] gmake: *** [Makefile:146: all] Error 2
[7.136s] Invoked command in '/home/xie/Desktop/learn/carpole/cartplole/build/control' returned '2': CMAKE_PREFIX_PATH=/home/xie/Desktop/learn/carpole/cartplole/install/interface:/home/xie/Desktop/learn/carpole/cartplole/install/simulate:/home/xie/Desktop/learn/carpole/cartplole/install/manage:/home/xie/Desktop/learn/carpole/cartplole/install/control:/usr/local:/usr/local:/opt/ros/humble /usr/bin/cmake --build /home/xie/Desktop/learn/carpole/cartplole/build/control -- -j20 -l20
