In file included from [01m[K/home/xie/Desktop/learn/carpole/cartplole/src/control/src/cppadpino.cpp:1[m[K:
[01m[K/home/xie/Desktop/learn/carpole/cartplole/src/control/include/control/cppadpino.h:[m[K In member function â€˜[01m[KCppAD::ADFun<double, double> mpc::setdyn()[m[Kâ€™:
[01m[K/home/xie/Desktop/learn/carpole/cartplole/src/control/include/control/cppadpino.h:37:31:[m[K [01;35m[Kwarning: [m[Kno return statement in function returning non-void [[01;35m[K]8;;https://gcc.gnu.org/onlinedocs/gcc/Warning-Options.html#index-Wreturn-type-Wreturn-type]8;;[m[K]
   37 | CppAD::ADFun<double> setdyn(){[01;35m[K}[m[K;
      |                               [01;35m[K^[m[K
[01m[K/home/xie/Desktop/learn/carpole/cartplole/src/control/src/cppadpino.cpp:[m[K In constructor â€˜[01m[Kmpc::mpc()[m[Kâ€™:
[01m[K/home/xie/Desktop/learn/carpole/cartplole/src/control/src/cppadpino.cpp:29:28:[m[K [01;31m[Kerror: [m[Kâ€˜[01m[Krobot_model[m[Kâ€™ was not declared in this scope
   29 |     for (size_t i = 0; i < [01;31m[Krobot_model[m[K.njoints; i++) {
      |                            [01;31m[K^~~~~~~~~~~[m[K
[01m[K/home/xie/Desktop/learn/carpole/cartplole/src/control/src/cppadpino.cpp:31:20:[m[K [01;31m[Kerror: [m[Kâ€˜[01m[Krobot_data[m[Kâ€™ was not declared in this scope
   31 |       std::cout << [01;31m[Krobot_data[m[K.oMi.at(i).translation().transpose() << std::endl;
      |                    [01;31m[K^~~~~~~~~~[m[K
[01m[K/home/xie/Desktop/learn/carpole/cartplole/src/control/src/cppadpino.cpp:37:19:[m[K [01;31m[Kerror: [m[Kâ€˜[01m[Krobot_model[m[Kâ€™ was not declared in this scope
   37 |         frames2 = [01;31m[Krobot_model[m[K.frames;
      |                   [01;31m[K^~~~~~~~~~~[m[K
[01m[K/home/xie/Desktop/learn/carpole/cartplole/src/control/src/cppadpino.cpp:40:20:[m[K [01;31m[Kerror: [m[Kâ€˜[01m[Krobot_data[m[Kâ€™ was not declared in this scope
   40 |       std::cout << [01;31m[Krobot_data[m[K.oMf.at(i).translation().transpose() << std::endl;
      |                    [01;31m[K^~~~~~~~~~[m[K
gmake[2]: *** [CMakeFiles/control_node.dir/build.make:90: CMakeFiles/control_node.dir/src/cppadpino.cpp.o] Error 1
gmake[1]: *** [CMakeFiles/Makefile2:137: CMakeFiles/control_node.dir/all] Error 2
gmake: *** [Makefile:146: all] Error 2
